cbm_hbi                                           19-Sep-2019 19:05:11
Running hierarchical bayesian inference (HBI)...

HBI has been initialized according to
	/home/control/paypir/MyScience/xgit/acckalm/pipe/fit_A1/lap_vkf.mat [for model 1]
	/home/control/paypir/MyScience/xgit/acckalm/pipe/fit_A1/lap_hgf.mat [for model 2]
	/home/control/paypir/MyScience/xgit/acckalm/pipe/fit_A1/lap_rl.mat [for model 3]
	/home/control/paypir/MyScience/xgit/acckalm/pipe/fit_A1/lap_kf.mat [for model 4]
 
Number of samples: 44
Number of models: 4
======================================================================
Iteration 01
Iteration 02
	model frequencies (percent)
	model 1: 33.9| model 2: 14.3| model 3: 27.5| model 4: 24.3| 
                                                           dL:   71.38
                                                           dm:   66.09
                                                           dx:    0.36
Iteration 03
	model frequencies (percent)
	model 1: 43.9| model 2: 7.6| model 3: 27.5| model 4: 21.0| 
                                                           dL:   12.40
                                                           dm:    9.94
                                                           dx:    0.11
Iteration 04
	model frequencies (percent)
	model 1: 57.3| model 2: 1.0| model 3: 27.1| model 4: 14.7| 
                                                           dL:   18.90
                                                           dm:   13.43
                                                           dx:    0.20
Iteration 05
	model frequencies (percent)
	model 1: 68.1| model 2: 0.0| model 3: 24.7| model 4: 7.2| 
                                                           dL:   10.80
                                                           dm:   10.82
                                                           dx:    0.12
Iteration 06
	model frequencies (percent)
	model 1: 76.0| model 2: 0.0| model 3: 22.8| model 4: 1.2| 
                                                           dL:    9.55
                                                           dm:    7.88
                                                           dx:    0.14
Iteration 07
	model frequencies (percent)
	model 1: 79.1| model 2: 0.0| model 3: 20.9| model 4: 0.0| 
                                                           dL:    2.37
                                                           dm:    3.14
                                                           dx:    0.17
Iteration 08
	model frequencies (percent)
	model 1: 81.3| model 2: 0.0| model 3: 18.7| model 4: 0.0| 
                                                           dL:    1.02
                                                           dm:    2.16
                                                           dx:    0.08
Iteration 09
	model frequencies (percent)
	model 1: 82.6| model 2: 0.0| model 3: 17.4| model 4: 0.0| 
                                                           dL:    0.89
                                                           dm:    1.30
                                                           dx:    0.20
Iteration 10
	model frequencies (percent)
	model 1: 83.4| model 2: 0.0| model 3: 16.6| model 4: 0.0| 
                                                           dL:    0.93
                                                           dm:    0.79
                                                           dx:    0.22
Iteration 11
	model frequencies (percent)
	model 1: 83.9| model 2: 0.0| model 3: 16.1| model 4: 0.0| 
                                                           dL:   -0.07
                                                           dm:    0.47
                                                           dx:    0.01
Iteration 12
	model frequencies (percent)
	model 1: 84.1| model 2: 0.0| model 3: 15.9| model 4: 0.0| 
                                                           dL:   -0.02
                                                           dm:    0.26
                                                           dx:    0.01
Iteration 13
	model frequencies (percent)
	model 1: 84.2| model 2: 0.0| model 3: 15.8| model 4: 0.0| 
                                                           dL:   -0.58
                                                           dm:    0.14
                                                           dx:    0.01
Iteration 14
	model frequencies (percent)
	model 1: 84.3| model 2: 0.0| model 3: 15.7| model 4: 0.0| 
                                                           dL:   -0.02
                                                           dm:    0.08
                                                           dx:    0.03
Iteration 15
	model frequencies (percent)
	model 1: 84.4| model 2: 0.0| model 3: 15.6| model 4: 0.0| 
                                                           dL:    0.18
                                                           dm:    0.05
                                                           dx:    0.03
Iteration 16
	model frequencies (percent)
	model 1: 84.4| model 2: 0.0| model 3: 15.6| model 4: 0.0| 
                                                           dL:    0.17
                                                           dm:    0.04
                                                           dx:    0.02
Iteration 17
	model frequencies (percent)
	model 1: 84.5| model 2: 0.0| model 3: 15.5| model 4: 0.0| 
                                                           dL:    0.12
                                                           dm:    0.04
                                                           dx:    0.02
Iteration 18
	model frequencies (percent)
	model 1: 84.5| model 2: 0.0| model 3: 15.5| model 4: 0.0| 
                                                           dL:    0.08
                                                           dm:    0.03
                                                           dx:    0.01
Iteration 19
	model frequencies (percent)
	model 1: 84.5| model 2: 0.0| model 3: 15.5| model 4: 0.0| 
                                                           dL:    0.05
                                                           dm:    0.02
                                                           dx:    0.01
                                                          Converged :]
